{"level":"info","message":"API Server Start At Port 3001","timestamp":"2022-11-19 02:20:18"}
{"level":"info","message":"API Server Start At Port 3001","timestamp":"2022-11-19 16:39:28"}
{"level":"info","message":"API Server Start At Port 3001","timestamp":"2022-11-19 20:07:59"}
{"level":"info","message":"API Server Start At Port 3001","timestamp":"2022-11-19 20:09:12"}
{"level":"info","message":"API Server Start At Port 3001","timestamp":"2022-11-19 20:52:25"}
{"level":"info","message":"API Server Start At Port 3001","timestamp":"2022-11-19 20:53:22"}
{"level":"info","message":"API Server Start At Port 3001","timestamp":"2022-11-19 20:54:19"}
{"level":"info","message":"API Server Start At Port 3001","timestamp":"2022-11-19 20:55:10"}
{"level":"info","message":"asdfasdfasdfasdf","timestamp":"2022-11-19 20:55:12"}
{"level":"info","message":{},"timestamp":"2022-11-19 20:55:12"}
{"level":"info","message":"API Server Start At Port 3001","timestamp":"2022-11-19 20:55:58"}
{"level":"info","message":"undefined undefined, undefined","timestamp":"2022-11-19 20:56:00"}
{"level":"info","message":"test1234 bb1234555, 짱구","timestamp":"2022-11-19 20:56:56"}
{"level":"error","message":"createUsers DB Connection error\n: {\"errorno\":\"ETIMEDOUT\",\"code\":\"ETIMEDOUT\",\"syscall\":\"connect\",\"fatal\":true}","timestamp":"2022-11-19 20:57:06"}
{"level":"info","message":"API Server Start At Port 3001","timestamp":"2022-11-19 21:10:23"}
{"level":"info","message":"API Server Start At Port 3001","timestamp":"2022-11-19 21:11:27"}
{"level":"info","message":"API Server Start At Port 3001","timestamp":"2022-11-19 21:12:11"}
{"level":"info","message":"API Server Start At Port 3001","timestamp":"2022-11-19 21:13:17"}
{"level":"info","message":"asdfasdf asdfasdf, asdfasdf","timestamp":"2022-11-19 21:24:57"}
{"level":"info","message":"afsdasdf asdfdfsasdf, asfdasdf","timestamp":"2022-11-19 21:26:24"}
{"level":"info","message":"asdfasdfsdf asdfasdf, asdfsdf","timestamp":"2022-11-19 21:27:54"}
{"level":"info","message":"sfaasas asdfasdf3434, asasasas","timestamp":"2022-11-19 21:39:16"}
{"level":"error","message":"createUsers DB Connection error\n: {\"errorno\":\"ETIMEDOUT\",\"code\":\"ETIMEDOUT\",\"syscall\":\"connect\",\"fatal\":true}","timestamp":"2022-11-19 21:39:26"}
{"level":"info","message":"API Server Start At Port 3001","timestamp":"2022-11-19 21:40:45"}
{"level":"info","message":"test1234 bb1234555, 짱구","timestamp":"2022-11-19 21:40:52"}
{"level":"info","message":"asaasas assaas6545, asasasas","timestamp":"2022-11-19 21:41:09"}
{"level":"info","message":"kuku99 rnrn9999, 구구","timestamp":"2022-11-19 21:44:21"}
